<?xml version="1.0" encoding="UTF-8"?>
<!-- Generated by org.testng.reporters.JUnitXMLReporter -->
<testsuite ignored="3" hostname="Vijays-Mac-mini.attlocal.net" failures="0" tests="3" name="sanity" time="0.029" errors="0" timestamp="2023-11-19T17:36:18 CST">
  <testcase classname="TestSuite1.Module2" name="test02" time="0.003"/>
  <testcase classname="TestSuite1.Module1" name="test01" time="0.003"/>
  <testcase classname="TestSuite1.Module2" name="test01" time="0.003"/>
  <testcase classname="TestSuite1.Module2" name="test03" time="0.0">
    <ignored/>
  </testcase> <!-- test03 -->
  <testcase classname="TestSuite1.Module1" name="test03" time="0.0">
    <ignored/>
  </testcase> <!-- test03 -->
  <testcase classname="TestSuite1.Module1" name="test02" time="0.0">
    <ignored/>
  </testcase> <!-- test02 -->
</testsuite> <!-- sanity -->
