<?xml version="1.0" encoding="UTF-8"?>
<testng-results ignored="0" total="3" passed="3" failed="0" skipped="0">
  <reporter-output>
  </reporter-output>
  <suite started-at="2023-11-19T17:36:18 CST" name="Suite1" finished-at="2023-11-19T17:36:18 CST" duration-ms="29">
    <groups>
    </groups>
    <test started-at="2023-11-19T17:36:18 CST" name="sanity" finished-at="2023-11-19T17:36:18 CST" duration-ms="29">
      <class name="TestSuite1.Module1">
        <test-method signature="test01()[pri:0, instance:TestSuite1.Module1@4f638935]" started-at="2023-11-19T17:36:18 CST" name="test01" finished-at="2023-11-19T17:36:18 CST" duration-ms="3" status="PASS">
          <reporter-output>
          </reporter-output>
        </test-method> <!-- test01 -->
      </class> <!-- TestSuite1.Module1 -->
      <class name="TestSuite1.Module2">
        <test-method signature="test01()[pri:0, instance:TestSuite1.Module2@7ea37dbf]" started-at="2023-11-19T17:36:18 CST" name="test01" finished-at="2023-11-19T17:36:18 CST" duration-ms="3" status="PASS">
          <reporter-output>
          </reporter-output>
        </test-method> <!-- test01 -->
        <test-method signature="test02()[pri:0, instance:TestSuite1.Module2@7ea37dbf]" started-at="2023-11-19T17:36:18 CST" name="test02" finished-at="2023-11-19T17:36:18 CST" duration-ms="3" status="PASS">
          <reporter-output>
          </reporter-output>
        </test-method> <!-- test02 -->
      </class> <!-- TestSuite1.Module2 -->
    </test> <!-- sanity -->
  </suite> <!-- Suite1 -->
</testng-results>
